<?xml version="1.0" encoding="UTF-8"?>
<!-- Generated by org.testng.reporters.JUnitXMLReporter -->
<testsuite ignored="4" hostname="DESKTOP-F68JF00" failures="2" tests="24" name="Test" time="126.076" errors="0" timestamp="2022-09-24T15:55:48 IST">
  <testcase classname="UI_HBI.Test_HBI_Foreign_dashboard_visible" name="user_Launch_Chrome_browser" time="2.394"/>
  <testcase classname="UI_HBI.Test_HBI_Foreign_dashboard_visible" name="user_opens_URL" time="5.719"/>
  <testcase classname="UI_HBI.Test_HBI_Foreign_dashboard_visible" name="user_clicks_on_login_Register_button" time="5.136"/>
  <testcase classname="UI_HBI.Test_HBI_Foreign_dashboard_visible" name="user_selects_Foreign_Employer_and_clicks_on_Login_button" time="0.223"/>
  <testcase classname="UI_HBI.Test_HBI_Foreign_dashboard_visible" name="user_enters_Healthcare_gmail_com_and_Healthcare" time="61.161">
    <failure type="java.lang.AssertionError" message="The following asserts failed:
	Cannot proceed without entering emailID expected [false] but found [true],
	Entered invalid UserID expected [false] but found [true]">
      <![CDATA[java.lang.AssertionError: The following asserts failed:
Cannot proceed without entering emailID expected [false] but found [true],
Entered invalid UserID expected [false] but found [true]
at UI_HBI.Test_HBI_Foreign_dashboard_visible.user_enters_Healthcare_gmail_com_and_Healthcare(Test_HBI_Foreign_dashboard_visible.java:130)
at java.base/java.util.ArrayList.forEach(ArrayList.java:1511)
... Removed 29 stack frames]]>
    </failure>
  </testcase> <!-- user_enters_Healthcare_gmail_com_and_Healthcare -->
  <testcase classname="UI_HBI.Test_HBI_Foreign_dashboard_visible" name="click_on_Login" time="0.003"/>
  <testcase classname="UI_HBI.Test_HBI_Foreign_dashboard_visible" name="dashboard_will_be_displayed" time="30.077">
    <failure type="java.lang.AssertionError" message="The following asserts failed:
	Cannot proceed without entering emailID expected [false] but found [true],
	Entered invalid UserID expected [false] but found [true]">
      <![CDATA[java.lang.AssertionError: The following asserts failed:
Cannot proceed without entering emailID expected [false] but found [true],
Entered invalid UserID expected [false] but found [true]
at UI_HBI.Test_HBI_Foreign_dashboard_visible.dashboard_will_be_displayed(Test_HBI_Foreign_dashboard_visible.java:163)
at java.base/java.util.ArrayList.forEach(ArrayList.java:1511)
... Removed 29 stack frames]]>
    </failure>
  </testcase> <!-- dashboard_will_be_displayed -->
  <testcase classname="UI_HBI.Test_HBI_HomePage_Features_Visible" name="user_Launch_Chrome" time="0.758"/>
  <testcase classname="UI_HBI.Test_HBI_HomePage_Features_Visible" name="user_opens_the_URL" time="14.852"/>
  <testcase classname="UI_HBI.Test_HBI_HomePage_Features_Visible" name="homeButton_will_be_displayed" time="0.003"/>
  <testcase classname="UI_HBI.Test_HBI_HomePage_Features_Visible" name="recruitersDir_will_be_displayed" time="0.003"/>
  <testcase classname="UI_HBI.Test_HBI_HomePage_Features_Visible" name="empDir_will_be_displayed" time="0.107"/>
  <testcase classname="UI_HBI.Test_HBI_HomePage_Features_Visible" name="abtUs_will_be_displayed" time="0.002"/>
  <testcase classname="UI_HBI.Test_HBI_HomePage_Features_Visible" name="faq_will_be_displayed" time="0.003"/>
  <testcase classname="UI_HBI.Test_HBI_HomePage_Features_Visible" name="contactUs_will_be_displayed" time="0.002"/>
  <testcase classname="UI_HBI.Test_HBI_HomePage_Features_Visible" name="dashboardButton_will_be_displayed" time="0.003"/>
  <testcase classname="UI_HBI.Test_HBI_HomePage_Features_Visible" name="grievanceButton_will_be_displayed" time="0.002"/>
  <testcase classname="UI_HBI.Test_HBI_HomePage_Features_Visible" name="health_care_textbox_will_be_displayed" time="0.002"/>
  <testcase classname="UI_HBI.Test_HBI_HomePage_Features_Visible" name="search_button_will_be_displayed" time="0.002"/>
  <testcase classname="UI_HBI.Test_HBI_HomePage_Features_Visible" name="regd_prof_num_will_be_displayed" time="0.002"/>
  <testcase classname="UI_HBI.Test_HBI_HomePage_Features_Visible" name="doc_num_will_be_displayed" time="0.002"/>
  <testcase classname="UI_HBI.Test_HBI_HomePage_Features_Visible" name="nurse_num_will_be_displayed" time="0.004"/>
  <testcase classname="UI_HBI.Test_HBI_HomePage_Features_Visible" name="other_regd_num_will_be_displayed" time="0.002"/>
  <testcase classname="API_Drug_Registry.Suggestion" name="suggestionSearchTextBox" time="3.706"/>
  <testcase classname="Base.MainBaseFeature" name="@AfterSuite tearDown" time="0.0">
    <ignored/>
  </testcase> <!-- @AfterSuite tearDown -->
  <testcase classname="Base.MainBaseFeature" name="@AfterSuite tearDown" time="0.0">
    <ignored/>
  </testcase> <!-- @AfterSuite tearDown -->
  <testcase classname="Base.MainBaseFeature" name="@BeforeSuite beforeSuit" time="0.0">
    <ignored/>
  </testcase> <!-- @BeforeSuite beforeSuit -->
  <testcase classname="Base.MainBaseFeature" name="@BeforeSuite beforeSuit" time="0.0">
    <ignored/>
  </testcase> <!-- @BeforeSuite beforeSuit -->
</testsuite> <!-- Test -->
